============================================================
  Generated by:           Genus(TM) Synthesis Solution 18.14-s037_1
  Generated on:           Jun 10 2020  06:45:43 pm
  Module:                 mac5
  Technology libraries:   PULSAR_NAND2 
                          PULSAR_NAND2 
  Operating conditions:   typical (balanced_tree)
  Wireload mode:          enclosed
  Area mode:              timing library
============================================================

                            
 Gate  Instances    Area        Library     
--------------------------------------------
dff          312   9984.000    PULSAR_NAND2 
dffr          32   2048.000    PULSAR_NAND2 
inv          352    352.000    PULSAR_NAND2 
nand2        997  30907.000    PULSAR_NAND2 
nor2         325  10075.000    PULSAR_NAND2 
xor2         447  16986.000    PULSAR_NAND2 
--------------------------------------------
total       2465  70352.000                 


                                          
     Type      Instances    Area   Area % 
------------------------------------------
sequential           344 12032.000   17.1 
inverter             352   352.000    0.5 
logic               1769 57968.000   82.4 
physical_cells         0     0.000    0.0 
------------------------------------------
total               2465 70352.000  100.0 

