============================================================
  Generated by:           Genus(TM) Synthesis Solution 18.14-s037_1
  Generated on:           Jun 10 2020  07:10:49 pm
  Module:                 mac5
    Operating conditions: PVT_0P95V_125C 
  Interconnect mode:      global
  Area mode:              physical library
============================================================

                                                           Library 
      Gate        Instances    Area          Library        Domain 
-------------------------------------------------------------------
INCL1W111OF3X1            3      3.990    ASCEND_FREEPDK45       0 
INCL1W11OF2X1            10      7.980    ASCEND_FREEPDK45       0 
INCL1W11OF2X2           250    199.500    ASCEND_FREEPDK45       0 
INCL1W1OF1X1             27     14.364    ASCEND_FREEPDK45       0 
INCL1W1OF1X2            825    438.900    ASCEND_FREEPDK45       0 
INCL1W1OF1X4             33     26.334    ASCEND_FREEPDK45       0 
INCL2W11OF2X1             3      7.182    ASCEND_FREEPDK45       0 
INCL2W11OF2X2           428   1024.632    ASCEND_FREEPDK45       0 
INCL2W11OF2X4             4     10.640    ASCEND_FREEPDK45       0 
INCL3W111OF3X2           20     58.520    ASCEND_FREEPDK45       0 
INCL3W211OF3X1           19     60.648    ASCEND_FREEPDK45       0 
INCL3W211OF3X2           65    207.480    ASCEND_FREEPDK45       0 
INCL3W211OF3X4            4     14.896    ASCEND_FREEPDK45       0 
INCL4W1111OF4X2           7     24.206    ASCEND_FREEPDK45       0 
INCLP1W111OF3X1          10     13.300    ASCEND_FREEPDK45       0 
INCLP1W11OF2X1            9      9.576    ASCEND_FREEPDK45       0 
INCLP1W11OF2X2          147    117.306    ASCEND_FREEPDK45       0 
INCLP2W11OF2X1            4      9.576    ASCEND_FREEPDK45       0 
INCLP2W11OF2X2          148    354.312    ASCEND_FREEPDK45       0 
INCLP2W211OF3X2         160    510.720    ASCEND_FREEPDK45       0 
INCLP2W211OF3X4         160    510.720    ASCEND_FREEPDK45       0 
INCLP3W111OF3X1           6     17.556    ASCEND_FREEPDK45       0 
INCLP3W111OF3X2           7     20.482    ASCEND_FREEPDK45       0 
INCLP4W1111OF4X2          2      6.916    ASCEND_FREEPDK45       0 
NCL1W111OF3X2            15     23.940    ASCEND_FREEPDK45       0 
NCL1W111OF3X4             2      3.192    ASCEND_FREEPDK45       0 
NCL1W11OF2X1            264    280.896    ASCEND_FREEPDK45       0 
NCL1W11OF2X2             75     79.800    ASCEND_FREEPDK45       0 
NCL1W11OF2X4              1      1.330    ASCEND_FREEPDK45       0 
NCL1W1OF1X1               7      5.586    ASCEND_FREEPDK45       0 
NCL1W1OF1X2              37     29.526    ASCEND_FREEPDK45       0 
NCL1W1OF1X4              11     11.704    ASCEND_FREEPDK45       0 
NCL2W11OF2X1            566   1355.004    ASCEND_FREEPDK45       0 
NCL2W11OF2X2              6     15.960    ASCEND_FREEPDK45       0 
NCL2W11OF2X4             11     29.260    ASCEND_FREEPDK45       0 
NCL3W111OF3X2           121    321.860    ASCEND_FREEPDK45       0 
NCL3W211OF3X2           238    759.696    ASCEND_FREEPDK45       0 
NCL3W3111OF4X1            6     22.344    ASCEND_FREEPDK45       0 
NCL3W3111OF4X2           86    320.264    ASCEND_FREEPDK45       0 
NCL4W1111OF4X2           63    217.854    ASCEND_FREEPDK45       0 
NCLAO22OF4X1            677   2701.230    ASCEND_FREEPDK45       0 
NCLAO22OF4X2             47    212.534    ASCEND_FREEPDK45       0 
NCLAO22OF4X4              5     22.610    ASCEND_FREEPDK45       0 
NCLOA22OF4X1              2      7.980    ASCEND_FREEPDK45       0 
NCLOA22OF4X2             63    251.370    ASCEND_FREEPDK45       0 
NCLP1W111OF3X2            5      6.650    ASCEND_FREEPDK45       0 
NCLP1W11OF2X1           109    115.976    ASCEND_FREEPDK45       0 
NCLP1W11OF2X2            25     26.600    ASCEND_FREEPDK45       0 
NCLP1W11OF2X4             2      2.660    ASCEND_FREEPDK45       0 
NCLP2W11OF2X1           199    476.406    ASCEND_FREEPDK45       0 
NCLP2W11OF2X2             8     21.280    ASCEND_FREEPDK45       0 
NCLP2W11OF2X4             8     21.280    ASCEND_FREEPDK45       0 
NCLP2W211OF3X2          212    620.312    ASCEND_FREEPDK45       0 
NCLP2W211OF3X4            1      3.192    ASCEND_FREEPDK45       0 
NCLP3W111OF3X2           34     90.440    ASCEND_FREEPDK45       0 
NCLP4W1111OF4X2           2      6.916    ASCEND_FREEPDK45       0 
NCLPAO22OF4X1             9     33.516    ASCEND_FREEPDK45       0 
NCLPAO22OF4X2            50    186.200    ASCEND_FREEPDK45       0 
NCLPOA22OF4X2             2      7.448    ASCEND_FREEPDK45       0 
RNCL2W11OF2X1            33     96.558    ASCEND_FREEPDK45       0 
RNCL2W11OF2X2           747   2185.722    ASCEND_FREEPDK45       0 
RNCL2W11OF2X4             4     12.768    ASCEND_FREEPDK45       0 
SNCL2W11OF2X2            32     93.632    ASCEND_FREEPDK45       0 
-------------------------------------------------------------------
total                  6136  14351.232                     


                                          
     Type      Instances    Area   Area % 
------------------------------------------
sequential           816  2388.680   16.6 
inverter             885   479.598    3.3 
buffer                55    46.816    0.3 
logic               4380 11436.138   79.7 
physical_cells         0     0.000    0.0 
------------------------------------------
total               6136 14351.232  100.0 

