============================================================
  Generated by:           Genus(TM) Synthesis Solution 18.14-s037_1
  Generated on:           Jun 10 2020  07:10:49 pm
  Module:                 mac5
    Operating conditions: PVT_0P95V_125C 
  Interconnect mode:      global
  Area mode:              physical library
============================================================


Path 1: MET (0 ps) Setup Check with Pin acc_reg_31__t/G->A
           View: worst_flop_view
          Group: clk
     Startpoint: (R) csa_tree_add_14_36_groupi_retime_s21_4_reg_t/G
          Clock: (R) clk
       Endpoint: (F) acc_reg_31__t/A
          Clock: (R) clk

                     Capture       Launch     
        Clock Edge:+    1000            0     
       Src Latency:+       0            0     
       Net Latency:+       0 (I)        0 (I) 
           Arrival:=    1000            0     
                                              
             Setup:-      -7                  
       Uncertainty:-     100                  
     Required Time:=     907                  
      Launch Clock:-       0                  
         Data Path:-     907                  
             Slack:=       0                  

#-----------------------------------------------------------------------------------------------------------------------------
#                 Timing Point                   Flags   Arc   Edge      Cell        Fanout Load Trans Delay Arrival Instance 
#                                                                                           (fF)  (ps)  (ps)   (ps)  Location 
#-----------------------------------------------------------------------------------------------------------------------------
  csa_tree_add_14_36_groupi_retime_s21_4_reg_t/G -       -     R     (arrival)          816    -     0     -       0    (-,-) 
  csa_tree_add_14_36_groupi_retime_s21_4_reg_t/Q (p)     G->Q  F     RNCL2W11OF2X2        5 10.4    54    95      95    (-,-) 
  g57383/Q                                       (p)     B->Q  R     INCL1W11OF2X2        2  4.5    50    38     133    (-,-) 
  g57072/Q                                       (P)     A->Q  F     INCLP2W11OF2X2       2  4.8    28    69     202    (-,-) 
  g57436/Q                                       (p)     C->Q  R     INCL3W211OF3X2       3  6.6    43    93     295    (-,-) 
  g3268/Q                                        (P)     A->Q  R     NCLP2W11OF2X1        1  2.9    41    60     355    (-,-) 
  g52468/Q                                       (P)     A->Q  R     NCLPAO22OF4X2        2  3.3    48   105     460    (-,-) 
  g32073_dup52418/Q                              (P)     A->Q  R     NCLP2W211OF3X2       2  3.9    37    72     532    (-,-) 
  g60520/Q                                       (P)     B->Q  R     NCLP2W11OF2X4        5  8.4    36    73     605    (-,-) 
  g58441/Q                                       (P)     A->Q  F     INCLP1W11OF2X2       3  7.0    62    42     647    (-,-) 
  g57204/Q                                       (p)     A->Q  R     INCL1W11OF2X1        1  2.5    61    45     692    (-,-) 
  g57203/Q                                       (P)     A->Q  F     INCLP2W11OF2X2       2  3.9    25    68     760    (-,-) 
  g19/Q                                          (p)     A->Q  R     INCL1W11OF2X2        1  2.5    31    23     782    (-,-) 
  g18/Q                                          (P)     A->Q  R     NCLP2W11OF2X2        1  2.0    24    51     834    (-,-) 
  g111/Q                                         (P)     A->Q  F     INCLP2W211OF3X2      2  4.6    28    73     907    (-,-) 
  acc_reg_31__t/A                                <<< (p) -     F     RNCL2W11OF2X1        2    -     -     0     907    (-,-) 
#-----------------------------------------------------------------------------------------------------------------------------

(P) : Instance is preserved
(p) : Instance is preserved but may be resized


