============================================================
  Generated by:           Genus(TM) Synthesis Solution 18.14-s037_1
  Generated on:           Jun 10 2020  07:10:51 pm
  Module:                 mac5
    Operating conditions: PVT_0P95V_125C 
  Interconnect mode:      global
  Area mode:              physical library
============================================================

Timing
--------

 Analysis view  Clock Period 
-----------------------------
worst_flop_view clk   1000.0 


    Analysis      Cost   Critical       Violating 
      View       Group  Path Slack TNS    Paths   
--------------------------------------------------
worst_flop_view     clk        0.0 0.0          0 
                default   No paths 0.0          0 
--------------------------------------------------
Total                              0.0          0 
                                                  

Instance Count
--------------
Leaf Instance Count             6136 
Physical Instance count            0 
Sequential Instance Count        816 
Combinational Instance Count    5320 
Hierarchical Instance Count        0 

Area
----
Cell Area                          14351.232
Physical Cell Area                 0.000
Total Cell Area (Cell+Physical)    14351.232
Net Area                           8328.977
Total Area (Cell+Physical+Net)     22680.209

Runtime                            0.0 seconds
Elapsed Runtime                    147 seconds
Genus peak memory usage            739.51 
Innovus peak memory usage          no_value 
Hostname                           paxos.inf.pucrs.br
