============================================================
  Generated by:           Genus(TM) Synthesis Solution 18.14-s037_1
  Generated on:           Jun 10 2020  07:10:51 pm
  Module:                 mac5
    Operating conditions: PVT_0P95V_125C 
  Interconnect mode:      global
  Area mode:              physical library
============================================================

                                         Leakage                       Library 
      Gate        Instances    Area     Power (nW)       Library        Domain 
-------------------------------------------------------------------------------
INCL1W111OF3X1            3      3.990     156.335    ASCEND_FREEPDK45       0 
INCL1W11OF2X1            10      7.980     399.483    ASCEND_FREEPDK45       0 
INCL1W11OF2X2           250    199.500   17561.484    ASCEND_FREEPDK45       0 
INCL1W1OF1X1             27     14.364     727.691    ASCEND_FREEPDK45       0 
INCL1W1OF1X2            825    438.900   46267.278    ASCEND_FREEPDK45       0 
INCL1W1OF1X4             33     26.334    3750.409    ASCEND_FREEPDK45       0 
INCL2W11OF2X1             3      7.182     269.959    ASCEND_FREEPDK45       0 
INCL2W11OF2X2           428   1024.632   49580.187    ASCEND_FREEPDK45       0 
INCL2W11OF2X4             4     10.640     687.700    ASCEND_FREEPDK45       0 
INCL3W111OF3X2           20     58.520    2203.394    ASCEND_FREEPDK45       0 
INCL3W211OF3X1           19     60.648    1974.159    ASCEND_FREEPDK45       0 
INCL3W211OF3X2           65    207.480    7880.939    ASCEND_FREEPDK45       0 
INCL3W211OF3X4            4     14.896     707.824    ASCEND_FREEPDK45       0 
INCL4W1111OF4X2           7     24.206     804.620    ASCEND_FREEPDK45       0 
INCLP1W111OF3X1          10     13.300     699.786    ASCEND_FREEPDK45       0 
INCLP1W11OF2X1            9      9.576     386.905    ASCEND_FREEPDK45       0 
INCLP1W11OF2X2          147    117.306   14328.116    ASCEND_FREEPDK45       0 
INCLP2W11OF2X1            4      9.576     341.917    ASCEND_FREEPDK45       0 
INCLP2W11OF2X2          148    354.312   17909.271    ASCEND_FREEPDK45       0 
INCLP2W211OF3X2         160    510.720   23667.727    ASCEND_FREEPDK45       0 
INCLP2W211OF3X4         160    510.720   31564.394    ASCEND_FREEPDK45       0 
INCLP3W111OF3X1           6     17.556     535.032    ASCEND_FREEPDK45       0 
INCLP3W111OF3X2           7     20.482     780.276    ASCEND_FREEPDK45       0 
INCLP4W1111OF4X2          2      6.916     256.806    ASCEND_FREEPDK45       0 
NCL1W111OF3X2            15     23.940    1631.130    ASCEND_FREEPDK45       0 
NCL1W111OF3X4             2      3.192     334.471    ASCEND_FREEPDK45       0 
NCL1W11OF2X1            264    280.896   16783.522    ASCEND_FREEPDK45       0 
NCL1W11OF2X2             75     79.800    7348.289    ASCEND_FREEPDK45       0 
NCL1W11OF2X4              1      1.330     144.572    ASCEND_FREEPDK45       0 
NCL1W1OF1X1               7      5.586     384.965    ASCEND_FREEPDK45       0 
NCL1W1OF1X2              37     29.526    3109.169    ASCEND_FREEPDK45       0 
NCL1W1OF1X4              11     11.704    1546.483    ASCEND_FREEPDK45       0 
NCL2W11OF2X1            566   1355.004   52335.396    ASCEND_FREEPDK45       0 
NCL2W11OF2X2              6     15.960     728.842    ASCEND_FREEPDK45       0 
NCL2W11OF2X4             11     29.260    2015.894    ASCEND_FREEPDK45       0 
NCL3W111OF3X2           121    321.860   14895.952    ASCEND_FREEPDK45       0 
NCL3W211OF3X2           238    759.696   31429.778    ASCEND_FREEPDK45       0 
NCL3W3111OF4X1            6     22.344     670.684    ASCEND_FREEPDK45       0 
NCL3W3111OF4X2           86    320.264   12790.080    ASCEND_FREEPDK45       0 
NCL4W1111OF4X2           63    217.854    8105.780    ASCEND_FREEPDK45       0 
NCLAO22OF4X1            677   2701.230   67398.117    ASCEND_FREEPDK45       0 
NCLAO22OF4X2             47    212.534    5989.836    ASCEND_FREEPDK45       0 
NCLAO22OF4X4              5     22.610     946.612    ASCEND_FREEPDK45       0 
NCLOA22OF4X1              2      7.980     186.172    ASCEND_FREEPDK45       0 
NCLOA22OF4X2             63    251.370    7946.077    ASCEND_FREEPDK45       0 
NCLP1W111OF3X2            5      6.650     679.210    ASCEND_FREEPDK45       0 
NCLP1W11OF2X1           109    115.976    7454.742    ASCEND_FREEPDK45       0 
NCLP1W11OF2X2            25     26.600    2598.893    ASCEND_FREEPDK45       0 
NCLP1W11OF2X4             2      2.660     324.513    ASCEND_FREEPDK45       0 
NCLP2W11OF2X1           199    476.406   17106.143    ASCEND_FREEPDK45       0 
NCLP2W11OF2X2             8     21.280     801.867    ASCEND_FREEPDK45       0 
NCLP2W11OF2X4             8     21.280    1250.498    ASCEND_FREEPDK45       0 
NCLP2W211OF3X2          212    620.312   29811.798    ASCEND_FREEPDK45       0 
NCLP2W211OF3X4            1      3.192     200.078    ASCEND_FREEPDK45       0 
NCLP3W111OF3X2           34     90.440    3717.397    ASCEND_FREEPDK45       0 
NCLP4W1111OF4X2           2      6.916     225.050    ASCEND_FREEPDK45       0 
NCLPAO22OF4X1             9     33.516     945.504    ASCEND_FREEPDK45       0 
NCLPAO22OF4X2            50    186.200    6738.056    ASCEND_FREEPDK45       0 
NCLPOA22OF4X2             2      7.448     248.768    ASCEND_FREEPDK45       0 
RNCL2W11OF2X1            33     96.558    3755.165    ASCEND_FREEPDK45       0 
RNCL2W11OF2X2           747   2185.722  111552.513    ASCEND_FREEPDK45       0 
RNCL2W11OF2X4             4     12.768     823.121    ASCEND_FREEPDK45       0 
SNCL2W11OF2X2            32     93.632    4689.551    ASCEND_FREEPDK45       0 
-------------------------------------------------------------------------------
total                  6136  14351.232  653086.375                     


                                            Leakage  Leakage 
     Type      Instances    Area   Area % Power (nW) Power % 
-------------------------------------------------------------
sequential           816  2388.680   16.6 120820.349    18.5 
inverter             885   479.598    3.3  50745.378     7.8 
buffer                55    46.816    0.3   5040.616     0.8 
logic               4380 11436.138   79.7 476480.032    73.0 
physical_cells         0     0.000    0.0      0.000     0.0 
-------------------------------------------------------------
total               6136 14351.232  100.0 653086.375   100.0 

